<?xml version="1.0" encoding="utf-8" standalone="no"?>
<!--This file represents the results of running a test suite-->
<test-results name="D:\HankeyBannister-Designer\Hankey_Design\Hankey\obj\x86\Debug\TempPE\Properties.Resources.Designer.cs.dll" total="0" errors="0" failures="0" not-run="0" inconclusive="0" ignored="0" skipped="0" invalid="0" date="2014-01-27" time="10:04:09">
  <environment nunit-version="2.6.3.13283" clr-version="2.0.50727.5456" os-version="Microsoft Windows NT 6.1.7601 Service Pack 1" platform="Win32NT" cwd="C:\Program Files (x86)\NUnit 2.6.3\bin" machine-name="MAKS" user="Макс" user-domain="MAKS" />
  <culture-info current-culture="ru-RU" current-uiculture="ru-RU" />
  <test-suite type="Assembly" name="D:\HankeyBannister-Designer\Hankey_Design\Hankey\obj\x86\Debug\TempPE\Properties.Resources.Designer.cs.dll" executed="True" result="Inconclusive" success="False" time="0.071" asserts="0" />
</test-results>