<?xml version="1.0" encoding="utf-8" standalone="no"?>
<!--This file represents the results of running a test suite-->
<test-results name="C:\Users\Aleksandr\Desktop\HankeyBannister-Designer\Hankey_Design\testlogin\bin\Debug\testlogin.dll" total="1" errors="0" failures="0" not-run="0" inconclusive="0" ignored="0" skipped="0" invalid="0" date="2014-01-29" time="09:15:32">
  <environment nunit-version="2.6.3.13283" clr-version="2.0.50727.5420" os-version="Microsoft Windows NT 6.1.7601 Service Pack 1" platform="Win32NT" cwd="C:\Users\Aleksandr\Desktop\HankeyBannister-Designer\Hankey_Design\testlogin\bin\Debug" machine-name="ALEKSANDR-PC" user="Aleksandr" user-domain="Aleksandr-PC" />
  <culture-info current-culture="ru-RU" current-uiculture="ru-RU" />
  <test-suite type="Assembly" name="C:\Users\Aleksandr\Desktop\HankeyBannister-Designer\Hankey_Design\testlogin\bin\Debug\testlogin.dll" executed="True" result="Success" success="True" time="0.190" asserts="0">
    <results>
      <test-suite type="Namespace" name="testlogin" executed="True" result="Success" success="True" time="0.149" asserts="0">
        <results>
          <test-suite type="TestFixture" name="Class1" executed="True" result="Success" success="True" time="0.146" asserts="0">
            <results>
              <test-case name="testlogin.Class1.test1" executed="True" result="Success" success="True" time="0.114" asserts="1" />
            </results>
          </test-suite>
        </results>
      </test-suite>
    </results>
  </test-suite>
</test-results>